2024-12-02 18:24:54 [background-preinit] INFO  o.h.validator.internal.util.Version - HV000001: Hibernate Validator 8.0.1.Final
2024-12-02 18:26:28 [background-preinit] INFO  o.h.validator.internal.util.Version - HV000001: Hibernate Validator 8.0.1.Final
2024-12-02 18:26:28 [main] INFO  com.huijia.test.DemoTest - Starting DemoTest using Java 17.0.10 with PID 34060 (started by Administrator in D:\deskTop\back-end\huijia-back\back-admin)
2024-12-02 18:26:28 [main] INFO  com.huijia.test.DemoTest - The following 1 profile is active: "dev"
2024-12-02 18:26:30 [main] INFO  c.b.d.d.DynamicRoutingDataSource - dynamic-datasource detect P6SPY plugin and enabled it
2024-12-02 18:26:30 [main] INFO  com.zaxxer.hikari.HikariDataSource - master - Starting...
2024-12-02 18:26:30 [main] INFO  com.zaxxer.hikari.pool.HikariPool - master - Added connection com.mysql.cj.jdbc.ConnectionImpl@34065642
2024-12-02 18:26:30 [main] INFO  com.zaxxer.hikari.HikariDataSource - master - Start completed.
2024-12-02 18:26:30 [main] INFO  c.b.d.d.DynamicRoutingDataSource - dynamic-datasource - add a datasource named [slave] success
2024-12-02 18:26:30 [main] INFO  c.b.d.d.DynamicRoutingDataSource - dynamic-datasource - add a datasource named [master] success
2024-12-02 18:26:30 [main] INFO  c.b.d.d.DynamicRoutingDataSource - dynamic-datasource initial loaded [2] datasource,primary datasource named [master]
2024-12-02 18:26:30 [main] INFO  c.h.common.redis.config.RedisConfig - 初始化 redis 配置
2024-12-02 18:26:30 [main] INFO  org.redisson.Version - Redisson 3.37.0
2024-12-02 18:26:31 [redisson-netty-1-1] INFO  o.r.connection.ConnectionsHolder - 1 connections initialized for 47.109.137.116/47.109.137.116:6379
2024-12-02 18:26:31 [redisson-netty-1-3] INFO  o.r.connection.ConnectionsHolder - 8 connections initialized for 47.109.137.116/47.109.137.116:6379
2024-12-02 18:26:32 [main] INFO  com.huijia.test.DemoTest - Started DemoTest in 3.721 seconds (process running for 4.155)
2024-12-02 18:26:32 [SpringApplicationShutdownHook] INFO  c.h.c.core.config.ThreadPoolConfig - ====关闭后台任务任务线程池====
2024-12-02 18:26:32 [SpringApplicationShutdownHook] INFO  c.b.d.d.DynamicRoutingDataSource - dynamic-datasource start closing ....
2024-12-02 18:26:32 [SpringApplicationShutdownHook] INFO  c.b.d.d.d.DefaultDataSourceDestroyer - dynamic-datasource close the datasource named [slave] success,
2024-12-02 18:26:32 [SpringApplicationShutdownHook] INFO  com.zaxxer.hikari.HikariDataSource - master - Shutdown initiated...
2024-12-02 18:26:32 [SpringApplicationShutdownHook] INFO  com.zaxxer.hikari.HikariDataSource - master - Shutdown completed.
2024-12-02 18:26:32 [SpringApplicationShutdownHook] INFO  c.b.d.d.d.DefaultDataSourceDestroyer - dynamic-datasource close the datasource named [master] success,
2024-12-02 18:26:32 [SpringApplicationShutdownHook] INFO  c.b.d.d.DynamicRoutingDataSource - dynamic-datasource all closed success,bye
2024-12-02 18:27:51 [background-preinit] INFO  o.h.validator.internal.util.Version - HV000001: Hibernate Validator 8.0.1.Final
2024-12-02 18:27:51 [main] INFO  com.huijia.test.DemoTest - Starting DemoTest using Java 17.0.10 with PID 11108 (started by Administrator in D:\deskTop\back-end\huijia-back\back-admin)
2024-12-02 18:27:51 [main] INFO  com.huijia.test.DemoTest - The following 1 profile is active: "dev"
2024-12-02 18:27:53 [main] INFO  c.b.d.d.DynamicRoutingDataSource - dynamic-datasource detect P6SPY plugin and enabled it
2024-12-02 18:27:53 [main] INFO  com.zaxxer.hikari.HikariDataSource - master - Starting...
2024-12-02 18:27:53 [main] INFO  com.zaxxer.hikari.pool.HikariPool - master - Added connection com.mysql.cj.jdbc.ConnectionImpl@c7c07ff
2024-12-02 18:27:53 [main] INFO  com.zaxxer.hikari.HikariDataSource - master - Start completed.
2024-12-02 18:27:53 [main] INFO  c.b.d.d.DynamicRoutingDataSource - dynamic-datasource - add a datasource named [slave] success
2024-12-02 18:27:53 [main] INFO  c.b.d.d.DynamicRoutingDataSource - dynamic-datasource - add a datasource named [master] success
2024-12-02 18:27:53 [main] INFO  c.b.d.d.DynamicRoutingDataSource - dynamic-datasource initial loaded [2] datasource,primary datasource named [master]
2024-12-02 18:27:53 [main] INFO  c.h.common.redis.config.RedisConfig - 初始化 redis 配置
2024-12-02 18:27:53 [main] INFO  org.redisson.Version - Redisson 3.37.0
2024-12-02 18:27:54 [redisson-netty-1-1] INFO  o.r.connection.ConnectionsHolder - 1 connections initialized for 47.109.137.116/47.109.137.116:6379
2024-12-02 18:27:54 [redisson-netty-1-3] INFO  o.r.connection.ConnectionsHolder - 8 connections initialized for 47.109.137.116/47.109.137.116:6379
2024-12-02 18:27:55 [main] INFO  com.huijia.test.DemoTest - Started DemoTest in 3.301 seconds (process running for 3.738)
2024-12-02 18:27:55 [SpringApplicationShutdownHook] INFO  c.h.c.core.config.ThreadPoolConfig - ====关闭后台任务任务线程池====
2024-12-02 18:27:55 [SpringApplicationShutdownHook] INFO  c.b.d.d.DynamicRoutingDataSource - dynamic-datasource start closing ....
2024-12-02 18:27:55 [SpringApplicationShutdownHook] INFO  c.b.d.d.d.DefaultDataSourceDestroyer - dynamic-datasource close the datasource named [slave] success,
2024-12-02 18:27:55 [SpringApplicationShutdownHook] INFO  com.zaxxer.hikari.HikariDataSource - master - Shutdown initiated...
2024-12-02 18:27:55 [SpringApplicationShutdownHook] INFO  com.zaxxer.hikari.HikariDataSource - master - Shutdown completed.
2024-12-02 18:27:55 [SpringApplicationShutdownHook] INFO  c.b.d.d.d.DefaultDataSourceDestroyer - dynamic-datasource close the datasource named [master] success,
2024-12-02 18:27:55 [SpringApplicationShutdownHook] INFO  c.b.d.d.DynamicRoutingDataSource - dynamic-datasource all closed success,bye
2024-12-02 18:28:34 [background-preinit] INFO  o.h.validator.internal.util.Version - HV000001: Hibernate Validator 8.0.1.Final
2024-12-02 18:28:34 [main] INFO  com.huijia.test.DemoTest - Starting DemoTest using Java 17.0.10 with PID 7404 (started by Administrator in D:\deskTop\back-end\huijia-back\back-admin)
2024-12-02 18:28:34 [main] INFO  com.huijia.test.DemoTest - The following 1 profile is active: "dev"
2024-12-02 18:28:35 [main] INFO  c.b.d.d.DynamicRoutingDataSource - dynamic-datasource detect P6SPY plugin and enabled it
2024-12-02 18:28:35 [main] INFO  com.zaxxer.hikari.HikariDataSource - master - Starting...
2024-12-02 18:28:36 [main] INFO  com.zaxxer.hikari.pool.HikariPool - master - Added connection com.mysql.cj.jdbc.ConnectionImpl@6d0bcf8c
2024-12-02 18:28:36 [main] INFO  com.zaxxer.hikari.HikariDataSource - master - Start completed.
2024-12-02 18:28:36 [main] INFO  c.b.d.d.DynamicRoutingDataSource - dynamic-datasource - add a datasource named [slave] success
2024-12-02 18:28:36 [main] INFO  c.b.d.d.DynamicRoutingDataSource - dynamic-datasource - add a datasource named [master] success
2024-12-02 18:28:36 [main] INFO  c.b.d.d.DynamicRoutingDataSource - dynamic-datasource initial loaded [2] datasource,primary datasource named [master]
2024-12-02 18:28:36 [main] INFO  c.h.common.redis.config.RedisConfig - 初始化 redis 配置
2024-12-02 18:28:36 [main] INFO  org.redisson.Version - Redisson 3.37.0
2024-12-02 18:28:36 [redisson-netty-1-1] INFO  o.r.connection.ConnectionsHolder - 1 connections initialized for 47.109.137.116/47.109.137.116:6379
2024-12-02 18:28:36 [redisson-netty-1-3] INFO  o.r.connection.ConnectionsHolder - 8 connections initialized for 47.109.137.116/47.109.137.116:6379
2024-12-02 18:28:37 [main] INFO  com.huijia.test.DemoTest - Started DemoTest in 3.251 seconds (process running for 3.679)
2024-12-02 18:28:37 [SpringApplicationShutdownHook] INFO  c.h.c.core.config.ThreadPoolConfig - ====关闭后台任务任务线程池====
2024-12-02 18:28:37 [SpringApplicationShutdownHook] INFO  c.b.d.d.DynamicRoutingDataSource - dynamic-datasource start closing ....
2024-12-02 18:28:37 [SpringApplicationShutdownHook] INFO  c.b.d.d.d.DefaultDataSourceDestroyer - dynamic-datasource close the datasource named [slave] success,
2024-12-02 18:28:37 [SpringApplicationShutdownHook] INFO  com.zaxxer.hikari.HikariDataSource - master - Shutdown initiated...
2024-12-02 18:28:37 [SpringApplicationShutdownHook] INFO  com.zaxxer.hikari.HikariDataSource - master - Shutdown completed.
2024-12-02 18:28:37 [SpringApplicationShutdownHook] INFO  c.b.d.d.d.DefaultDataSourceDestroyer - dynamic-datasource close the datasource named [master] success,
2024-12-02 18:28:37 [SpringApplicationShutdownHook] INFO  c.b.d.d.DynamicRoutingDataSource - dynamic-datasource all closed success,bye
2024-12-02 18:32:26 [background-preinit] INFO  o.h.validator.internal.util.Version - HV000001: Hibernate Validator 8.0.1.Final
2024-12-02 18:32:26 [main] INFO  com.huijia.test.DemoTest - Starting DemoTest using Java 17.0.10 with PID 38804 (started by Administrator in D:\deskTop\back-end\huijia-back\back-admin)
2024-12-02 18:32:26 [main] INFO  com.huijia.test.DemoTest - The following 1 profile is active: "dev"
2024-12-02 18:32:28 [main] INFO  c.b.d.d.DynamicRoutingDataSource - dynamic-datasource detect P6SPY plugin and enabled it
2024-12-02 18:32:28 [main] INFO  com.zaxxer.hikari.HikariDataSource - master - Starting...
2024-12-02 18:32:28 [main] INFO  com.zaxxer.hikari.pool.HikariPool - master - Added connection com.mysql.cj.jdbc.ConnectionImpl@293ecff6
2024-12-02 18:32:28 [main] INFO  com.zaxxer.hikari.HikariDataSource - master - Start completed.
2024-12-02 18:32:28 [main] INFO  c.b.d.d.DynamicRoutingDataSource - dynamic-datasource - add a datasource named [slave] success
2024-12-02 18:32:28 [main] INFO  c.b.d.d.DynamicRoutingDataSource - dynamic-datasource - add a datasource named [master] success
2024-12-02 18:32:28 [main] INFO  c.b.d.d.DynamicRoutingDataSource - dynamic-datasource initial loaded [2] datasource,primary datasource named [master]
2024-12-02 18:32:28 [main] INFO  c.h.common.redis.config.RedisConfig - 初始化 redis 配置
2024-12-02 18:32:28 [main] INFO  org.redisson.Version - Redisson 3.37.0
2024-12-02 18:32:29 [redisson-netty-1-1] INFO  o.r.connection.ConnectionsHolder - 1 connections initialized for 47.109.137.116/47.109.137.116:6379
2024-12-02 18:32:29 [redisson-netty-1-3] INFO  o.r.connection.ConnectionsHolder - 8 connections initialized for 47.109.137.116/47.109.137.116:6379
2024-12-02 18:32:30 [main] INFO  com.huijia.test.DemoTest - Started DemoTest in 3.257 seconds (process running for 3.691)
2024-12-02 18:32:30 [SpringApplicationShutdownHook] INFO  c.h.c.core.config.ThreadPoolConfig - ====关闭后台任务任务线程池====
2024-12-02 18:32:30 [SpringApplicationShutdownHook] INFO  c.b.d.d.DynamicRoutingDataSource - dynamic-datasource start closing ....
2024-12-02 18:32:30 [SpringApplicationShutdownHook] INFO  c.b.d.d.d.DefaultDataSourceDestroyer - dynamic-datasource close the datasource named [slave] success,
2024-12-02 18:32:30 [SpringApplicationShutdownHook] INFO  com.zaxxer.hikari.HikariDataSource - master - Shutdown initiated...
2024-12-02 18:32:30 [SpringApplicationShutdownHook] INFO  com.zaxxer.hikari.HikariDataSource - master - Shutdown completed.
2024-12-02 18:32:30 [SpringApplicationShutdownHook] INFO  c.b.d.d.d.DefaultDataSourceDestroyer - dynamic-datasource close the datasource named [master] success,
2024-12-02 18:32:30 [SpringApplicationShutdownHook] INFO  c.b.d.d.DynamicRoutingDataSource - dynamic-datasource all closed success,bye
2024-12-02 18:36:37 [background-preinit] INFO  o.h.validator.internal.util.Version - HV000001: Hibernate Validator 8.0.1.Final
2024-12-02 18:36:37 [main] INFO  com.huijia.test.DemoTest - Starting DemoTest using Java 17.0.10 with PID 3348 (started by Administrator in D:\deskTop\back-end\huijia-back\back-admin)
2024-12-02 18:36:37 [main] INFO  com.huijia.test.DemoTest - The following 1 profile is active: "dev"
2024-12-02 18:36:38 [main] INFO  c.b.d.d.DynamicRoutingDataSource - dynamic-datasource detect P6SPY plugin and enabled it
2024-12-02 18:36:38 [main] INFO  com.zaxxer.hikari.HikariDataSource - master - Starting...
2024-12-02 18:36:38 [main] INFO  com.zaxxer.hikari.pool.HikariPool - master - Added connection com.mysql.cj.jdbc.ConnectionImpl@629de8
2024-12-02 18:36:38 [main] INFO  com.zaxxer.hikari.HikariDataSource - master - Start completed.
2024-12-02 18:36:38 [main] INFO  c.b.d.d.DynamicRoutingDataSource - dynamic-datasource - add a datasource named [slave] success
2024-12-02 18:36:38 [main] INFO  c.b.d.d.DynamicRoutingDataSource - dynamic-datasource - add a datasource named [master] success
2024-12-02 18:36:38 [main] INFO  c.b.d.d.DynamicRoutingDataSource - dynamic-datasource initial loaded [2] datasource,primary datasource named [master]
2024-12-02 18:36:38 [main] INFO  c.h.common.redis.config.RedisConfig - 初始化 redis 配置
2024-12-02 18:36:38 [main] INFO  org.redisson.Version - Redisson 3.37.0
2024-12-02 18:36:39 [redisson-netty-1-1] INFO  o.r.connection.ConnectionsHolder - 1 connections initialized for 47.109.137.116/47.109.137.116:6379
2024-12-02 18:36:39 [redisson-netty-1-3] INFO  o.r.connection.ConnectionsHolder - 8 connections initialized for 47.109.137.116/47.109.137.116:6379
2024-12-02 18:36:40 [main] INFO  com.huijia.test.DemoTest - Started DemoTest in 3.239 seconds (process running for 3.671)
2024-12-02 18:36:40 [SpringApplicationShutdownHook] INFO  c.h.c.core.config.ThreadPoolConfig - ====关闭后台任务任务线程池====
2024-12-02 18:36:40 [SpringApplicationShutdownHook] INFO  c.b.d.d.DynamicRoutingDataSource - dynamic-datasource start closing ....
2024-12-02 18:36:40 [SpringApplicationShutdownHook] INFO  c.b.d.d.d.DefaultDataSourceDestroyer - dynamic-datasource close the datasource named [slave] success,
2024-12-02 18:36:40 [SpringApplicationShutdownHook] INFO  com.zaxxer.hikari.HikariDataSource - master - Shutdown initiated...
2024-12-02 18:36:40 [SpringApplicationShutdownHook] INFO  com.zaxxer.hikari.HikariDataSource - master - Shutdown completed.
2024-12-02 18:36:40 [SpringApplicationShutdownHook] INFO  c.b.d.d.d.DefaultDataSourceDestroyer - dynamic-datasource close the datasource named [master] success,
2024-12-02 18:36:40 [SpringApplicationShutdownHook] INFO  c.b.d.d.DynamicRoutingDataSource - dynamic-datasource all closed success,bye
