2024-12-03 08:47:14 [background-preinit] INFO  o.h.validator.internal.util.Version - HV000001: Hibernate Validator 8.0.1.Final
2024-12-03 08:47:14 [main] INFO  com.huijia.HuijiaBackApplication - Starting HuijiaBackApplication using Java 17.0.10 with PID 21756 (D:\deskTop\back-end\huijia-back\back-admin\target\classes started by Administrator in D:\deskTop\back-end\huijia-back)
2024-12-03 08:47:14 [main] INFO  com.huijia.HuijiaBackApplication - The following 1 profile is active: "dev"
2024-12-03 08:47:15 [main] INFO  o.a.coyote.http11.Http11NioProtocol - Initializing ProtocolHandler ["http-nio-8080"]
2024-12-03 08:47:15 [main] INFO  o.a.catalina.core.StandardService - Starting service [Tomcat]
2024-12-03 08:47:15 [main] INFO  o.a.catalina.core.StandardEngine - Starting Servlet engine: [Apache Tomcat/10.1.31]
2024-12-03 08:47:15 [main] INFO  o.a.c.c.C.[Tomcat].[localhost].[/] - Initializing Spring embedded WebApplicationContext
2024-12-03 08:47:15 [main] INFO  o.a.catalina.core.StandardService - Stopping service [Tomcat]
2024-12-03 16:04:19 [background-preinit] INFO  o.h.validator.internal.util.Version - HV000001: Hibernate Validator 8.0.1.Final
2024-12-03 16:04:19 [main] INFO  com.huijia.HuijiaBackApplication - Starting HuijiaBackApplication using Java 17.0.10 with PID 21888 (D:\deskTop\back-end\huijia-back\back-admin\target\classes started by Administrator in D:\deskTop\back-end\huijia-back)
2024-12-03 16:04:19 [main] INFO  com.huijia.HuijiaBackApplication - The following 1 profile is active: "dev"
2024-12-03 16:04:20 [main] INFO  o.a.coyote.http11.Http11NioProtocol - Initializing ProtocolHandler ["http-nio-8080"]
2024-12-03 16:04:20 [main] INFO  o.a.catalina.core.StandardService - Starting service [Tomcat]
2024-12-03 16:04:20 [main] INFO  o.a.catalina.core.StandardEngine - Starting Servlet engine: [Apache Tomcat/10.1.31]
2024-12-03 16:04:20 [main] INFO  o.a.c.c.C.[Tomcat].[localhost].[/] - Initializing Spring embedded WebApplicationContext
2024-12-03 16:04:20 [main] INFO  c.b.d.d.DynamicRoutingDataSource - dynamic-datasource detect P6SPY plugin and enabled it
2024-12-03 16:04:20 [main] INFO  com.zaxxer.hikari.HikariDataSource - master - Starting...
2024-12-03 16:04:20 [main] INFO  com.zaxxer.hikari.pool.HikariPool - master - Added connection com.mysql.cj.jdbc.ConnectionImpl@49741274
2024-12-03 16:04:20 [main] INFO  com.zaxxer.hikari.HikariDataSource - master - Start completed.
2024-12-03 16:04:20 [main] INFO  c.b.d.d.DynamicRoutingDataSource - dynamic-datasource - add a datasource named [slave] success
2024-12-03 16:04:20 [main] INFO  c.b.d.d.DynamicRoutingDataSource - dynamic-datasource - add a datasource named [master] success
2024-12-03 16:04:20 [main] INFO  c.b.d.d.DynamicRoutingDataSource - dynamic-datasource initial loaded [2] datasource,primary datasource named [master]
2024-12-03 16:04:21 [main] INFO  c.h.common.redis.config.RedisConfig - 初始化 redis 配置
2024-12-03 16:04:21 [main] INFO  org.redisson.Version - Redisson 3.37.0
2024-12-03 16:04:21 [redisson-netty-1-2] INFO  o.r.connection.ConnectionsHolder - 8 connections initialized for 192.168.1.143/192.168.1.143:6379
2024-12-03 16:04:22 [redisson-netty-1-3] INFO  o.r.connection.ConnectionsHolder - 1 connections initialized for 192.168.1.143/192.168.1.143:6379
2024-12-03 16:04:22 [main] INFO  o.a.coyote.http11.Http11NioProtocol - Starting ProtocolHandler ["http-nio-8080"]
2024-12-03 16:04:22 [main] INFO  com.huijia.HuijiaBackApplication - Started HuijiaBackApplication in 3.989 seconds (process running for 4.55)
2024-12-03 16:04:23 [RMI TCP Connection(3)-192.168.126.1] INFO  o.a.c.c.C.[Tomcat].[localhost].[/] - Initializing Spring DispatcherServlet 'dispatcherServlet'
2024-12-03 16:07:43 [SpringApplicationShutdownHook] INFO  c.h.c.core.config.ThreadPoolConfig - ====关闭后台任务任务线程池====
2024-12-03 16:07:43 [SpringApplicationShutdownHook] INFO  c.b.d.d.DynamicRoutingDataSource - dynamic-datasource start closing ....
2024-12-03 16:07:43 [SpringApplicationShutdownHook] INFO  c.b.d.d.d.DefaultDataSourceDestroyer - dynamic-datasource close the datasource named [slave] success,
2024-12-03 16:07:43 [SpringApplicationShutdownHook] INFO  com.zaxxer.hikari.HikariDataSource - master - Shutdown initiated...
2024-12-03 16:07:43 [SpringApplicationShutdownHook] INFO  com.zaxxer.hikari.HikariDataSource - master - Shutdown completed.
2024-12-03 16:07:43 [SpringApplicationShutdownHook] INFO  c.b.d.d.d.DefaultDataSourceDestroyer - dynamic-datasource close the datasource named [master] success,
2024-12-03 16:07:43 [SpringApplicationShutdownHook] INFO  c.b.d.d.DynamicRoutingDataSource - dynamic-datasource all closed success,bye
2024-12-03 16:09:05 [background-preinit] INFO  o.h.validator.internal.util.Version - HV000001: Hibernate Validator 8.0.1.Final
2024-12-03 16:09:05 [main] INFO  com.huijia.HuijiaBackApplication - Starting HuijiaBackApplication using Java 17.0.10 with PID 22964 (D:\deskTop\back-end\huijia-back\back-admin\target\classes started by Administrator in D:\deskTop\back-end\huijia-back)
2024-12-03 16:09:05 [main] INFO  com.huijia.HuijiaBackApplication - The following 1 profile is active: "dev"
2024-12-03 16:09:06 [main] INFO  o.a.coyote.http11.Http11NioProtocol - Initializing ProtocolHandler ["http-nio-8088"]
2024-12-03 16:09:06 [main] INFO  o.a.catalina.core.StandardService - Starting service [Tomcat]
2024-12-03 16:09:06 [main] INFO  o.a.catalina.core.StandardEngine - Starting Servlet engine: [Apache Tomcat/10.1.31]
2024-12-03 16:09:06 [main] INFO  o.a.c.c.C.[Tomcat].[localhost].[/] - Initializing Spring embedded WebApplicationContext
2024-12-03 16:09:06 [main] INFO  c.b.d.d.DynamicRoutingDataSource - dynamic-datasource detect P6SPY plugin and enabled it
2024-12-03 16:09:06 [main] INFO  com.zaxxer.hikari.HikariDataSource - master - Starting...
2024-12-03 16:09:06 [main] INFO  com.zaxxer.hikari.pool.HikariPool - master - Added connection com.mysql.cj.jdbc.ConnectionImpl@736f8837
2024-12-03 16:09:06 [main] INFO  com.zaxxer.hikari.HikariDataSource - master - Start completed.
2024-12-03 16:09:06 [main] INFO  c.b.d.d.DynamicRoutingDataSource - dynamic-datasource - add a datasource named [slave] success
2024-12-03 16:09:06 [main] INFO  c.b.d.d.DynamicRoutingDataSource - dynamic-datasource - add a datasource named [master] success
2024-12-03 16:09:06 [main] INFO  c.b.d.d.DynamicRoutingDataSource - dynamic-datasource initial loaded [2] datasource,primary datasource named [master]
2024-12-03 16:09:06 [main] INFO  c.h.common.redis.config.RedisConfig - 初始化 redis 配置
2024-12-03 16:09:07 [main] INFO  org.redisson.Version - Redisson 3.37.0
2024-12-03 16:09:07 [redisson-netty-1-6] INFO  o.r.connection.ConnectionsHolder - 1 connections initialized for 192.168.1.143/192.168.1.143:6379
2024-12-03 16:09:07 [redisson-netty-1-3] INFO  o.r.connection.ConnectionsHolder - 8 connections initialized for 192.168.1.143/192.168.1.143:6379
2024-12-03 16:09:07 [main] INFO  o.a.coyote.http11.Http11NioProtocol - Starting ProtocolHandler ["http-nio-8088"]
2024-12-03 16:09:07 [main] INFO  com.huijia.HuijiaBackApplication - Started HuijiaBackApplication in 2.799 seconds (process running for 3.123)
2024-12-03 16:09:08 [RMI TCP Connection(1)-192.168.126.1] INFO  o.a.c.c.C.[Tomcat].[localhost].[/] - Initializing Spring DispatcherServlet 'dispatcherServlet'
2024-12-03 16:11:52 [http-nio-8088-exec-1] INFO  o.a.tomcat.util.http.parser.Cookie - A cookie header was received [Hm_lvt_1c3c7a064d6a39da5a90bf71821b4a9a=1715580670,1715865928;] that contained an invalid cookie. That cookie will be ignored.
 Note: further occurrences of this error will be logged at DEBUG level.
2024-12-03 16:15:54 [SpringApplicationShutdownHook] INFO  c.h.c.core.config.ThreadPoolConfig - ====关闭后台任务任务线程池====
2024-12-03 16:15:54 [SpringApplicationShutdownHook] INFO  c.b.d.d.DynamicRoutingDataSource - dynamic-datasource start closing ....
2024-12-03 16:15:54 [SpringApplicationShutdownHook] INFO  c.b.d.d.d.DefaultDataSourceDestroyer - dynamic-datasource close the datasource named [slave] success,
2024-12-03 16:15:54 [SpringApplicationShutdownHook] INFO  com.zaxxer.hikari.HikariDataSource - master - Shutdown initiated...
2024-12-03 16:15:54 [SpringApplicationShutdownHook] INFO  com.zaxxer.hikari.HikariDataSource - master - Shutdown completed.
2024-12-03 16:15:54 [SpringApplicationShutdownHook] INFO  c.b.d.d.d.DefaultDataSourceDestroyer - dynamic-datasource close the datasource named [master] success,
2024-12-03 16:15:54 [SpringApplicationShutdownHook] INFO  c.b.d.d.DynamicRoutingDataSource - dynamic-datasource all closed success,bye
2024-12-03 16:15:58 [background-preinit] INFO  o.h.validator.internal.util.Version - HV000001: Hibernate Validator 8.0.1.Final
2024-12-03 16:15:58 [main] INFO  com.huijia.HuijiaBackApplication - Starting HuijiaBackApplication using Java 17.0.10 with PID 24108 (D:\deskTop\back-end\huijia-back\back-admin\target\classes started by Administrator in D:\deskTop\back-end\huijia-back)
2024-12-03 16:15:58 [main] INFO  com.huijia.HuijiaBackApplication - The following 1 profile is active: "dev"
2024-12-03 16:15:59 [main] INFO  o.a.coyote.http11.Http11NioProtocol - Initializing ProtocolHandler ["http-nio-8088"]
2024-12-03 16:15:59 [main] INFO  o.a.catalina.core.StandardService - Starting service [Tomcat]
2024-12-03 16:15:59 [main] INFO  o.a.catalina.core.StandardEngine - Starting Servlet engine: [Apache Tomcat/10.1.31]
2024-12-03 16:15:59 [main] INFO  o.a.c.c.C.[Tomcat].[localhost].[/] - Initializing Spring embedded WebApplicationContext
2024-12-03 16:16:00 [main] INFO  c.b.d.d.DynamicRoutingDataSource - dynamic-datasource detect P6SPY plugin and enabled it
2024-12-03 16:16:00 [main] INFO  com.zaxxer.hikari.HikariDataSource - master - Starting...
2024-12-03 16:16:00 [main] INFO  com.zaxxer.hikari.pool.HikariPool - master - Added connection com.mysql.cj.jdbc.ConnectionImpl@38c1b1a7
2024-12-03 16:16:00 [main] INFO  com.zaxxer.hikari.HikariDataSource - master - Start completed.
2024-12-03 16:16:00 [main] INFO  c.b.d.d.DynamicRoutingDataSource - dynamic-datasource - add a datasource named [slave] success
2024-12-03 16:16:00 [main] INFO  c.b.d.d.DynamicRoutingDataSource - dynamic-datasource - add a datasource named [master] success
2024-12-03 16:16:00 [main] INFO  c.b.d.d.DynamicRoutingDataSource - dynamic-datasource initial loaded [2] datasource,primary datasource named [master]
2024-12-03 16:16:00 [main] INFO  c.h.common.redis.config.RedisConfig - 初始化 redis 配置
2024-12-03 16:16:00 [main] INFO  org.redisson.Version - Redisson 3.37.0
2024-12-03 16:16:00 [redisson-netty-1-6] INFO  o.r.connection.ConnectionsHolder - 1 connections initialized for 192.168.1.143/192.168.1.143:6379
2024-12-03 16:16:00 [redisson-netty-1-3] INFO  o.r.connection.ConnectionsHolder - 8 connections initialized for 192.168.1.143/192.168.1.143:6379
2024-12-03 16:16:01 [main] INFO  o.a.coyote.http11.Http11NioProtocol - Starting ProtocolHandler ["http-nio-8088"]
2024-12-03 16:16:01 [main] INFO  com.huijia.HuijiaBackApplication - Started HuijiaBackApplication in 2.979 seconds (process running for 3.292)
2024-12-03 16:16:01 [RMI TCP Connection(2)-192.168.126.1] INFO  o.a.c.c.C.[Tomcat].[localhost].[/] - Initializing Spring DispatcherServlet 'dispatcherServlet'
2024-12-03 16:16:54 [http-nio-8088-exec-1] INFO  o.a.tomcat.util.http.parser.Cookie - A cookie header was received [Hm_lvt_1c3c7a064d6a39da5a90bf71821b4a9a=1715580670,1715865928;] that contained an invalid cookie. That cookie will be ignored.
 Note: further occurrences of this error will be logged at DEBUG level.
2024-12-03 16:21:46 [SpringApplicationShutdownHook] INFO  c.h.c.core.config.ThreadPoolConfig - ====关闭后台任务任务线程池====
2024-12-03 16:21:46 [SpringApplicationShutdownHook] INFO  c.b.d.d.DynamicRoutingDataSource - dynamic-datasource start closing ....
2024-12-03 16:21:46 [SpringApplicationShutdownHook] INFO  c.b.d.d.d.DefaultDataSourceDestroyer - dynamic-datasource close the datasource named [slave] success,
2024-12-03 16:21:46 [SpringApplicationShutdownHook] INFO  com.zaxxer.hikari.HikariDataSource - master - Shutdown initiated...
2024-12-03 16:21:46 [SpringApplicationShutdownHook] INFO  com.zaxxer.hikari.HikariDataSource - master - Shutdown completed.
2024-12-03 16:21:46 [SpringApplicationShutdownHook] INFO  c.b.d.d.d.DefaultDataSourceDestroyer - dynamic-datasource close the datasource named [master] success,
2024-12-03 16:21:46 [SpringApplicationShutdownHook] INFO  c.b.d.d.DynamicRoutingDataSource - dynamic-datasource all closed success,bye
2024-12-03 16:23:30 [background-preinit] INFO  o.h.validator.internal.util.Version - HV000001: Hibernate Validator 8.0.1.Final
2024-12-03 16:23:30 [main] INFO  com.huijia.HuijiaBackApplication - Starting HuijiaBackApplication using Java 17.0.10 with PID 22828 (D:\deskTop\back-end\huijia-back\back-admin\target\classes started by Administrator in D:\deskTop\back-end\huijia-back)
2024-12-03 16:23:30 [main] INFO  com.huijia.HuijiaBackApplication - The following 1 profile is active: "dev"
2024-12-03 16:23:32 [main] INFO  io.undertow.servlet - Initializing Spring embedded WebApplicationContext
2024-12-03 16:23:32 [main] INFO  c.h.common.redis.config.RedisConfig - 初始化 redis 配置
2024-12-03 16:23:32 [main] INFO  org.redisson.Version - Redisson 3.37.0
2024-12-03 16:23:32 [redisson-netty-1-6] INFO  o.r.connection.ConnectionsHolder - 1 connections initialized for 192.168.1.143/192.168.1.143:6379
2024-12-03 16:23:32 [redisson-netty-1-3] INFO  o.r.connection.ConnectionsHolder - 8 connections initialized for 192.168.1.143/192.168.1.143:6379
2024-12-03 16:23:32 [main] INFO  c.b.d.d.DynamicRoutingDataSource - dynamic-datasource detect P6SPY plugin and enabled it
2024-12-03 16:23:32 [main] INFO  com.zaxxer.hikari.HikariDataSource - master - Starting...
2024-12-03 16:23:32 [main] INFO  com.zaxxer.hikari.pool.HikariPool - master - Added connection com.mysql.cj.jdbc.ConnectionImpl@15251cc2
2024-12-03 16:23:32 [main] INFO  com.zaxxer.hikari.HikariDataSource - master - Start completed.
2024-12-03 16:23:32 [main] INFO  c.b.d.d.DynamicRoutingDataSource - dynamic-datasource - add a datasource named [slave] success
2024-12-03 16:23:32 [main] INFO  c.b.d.d.DynamicRoutingDataSource - dynamic-datasource - add a datasource named [master] success
2024-12-03 16:23:32 [main] INFO  c.b.d.d.DynamicRoutingDataSource - dynamic-datasource initial loaded [2] datasource,primary datasource named [master]
2024-12-03 16:23:33 [main] INFO  c.h.common.json.config.JacksonConfig - 初始化 jackson 配置
2024-12-03 16:23:34 [main] INFO  io.undertow - starting server: Undertow - 2.3.17.Final
2024-12-03 16:23:34 [main] INFO  org.xnio - XNIO version 3.8.16.Final
2024-12-03 16:23:34 [main] INFO  org.xnio.nio - XNIO NIO Implementation Version 3.8.16.Final
2024-12-03 16:23:34 [main] INFO  org.jboss.threads - JBoss Threads version 3.5.0.Final
2024-12-03 16:23:34 [main] INFO  com.huijia.HuijiaBackApplication - Started HuijiaBackApplication in 4.278 seconds (process running for 4.725)
2024-12-03 16:23:34 [RMI TCP Connection(3)-192.168.126.1] INFO  io.undertow.servlet - Initializing Spring DispatcherServlet 'dispatcherServlet'
2024-12-03 16:24:24 [SpringApplicationShutdownHook] INFO  io.undertow - stopping server: Undertow - 2.3.17.Final
2024-12-03 16:24:24 [SpringApplicationShutdownHook] INFO  io.undertow.servlet - Destroying Spring FrameworkServlet 'dispatcherServlet'
2024-12-03 16:24:24 [SpringApplicationShutdownHook] INFO  c.h.c.core.config.ThreadPoolConfig - ====关闭后台任务任务线程池====
2024-12-03 16:24:24 [SpringApplicationShutdownHook] INFO  c.b.d.d.DynamicRoutingDataSource - dynamic-datasource start closing ....
2024-12-03 16:24:24 [SpringApplicationShutdownHook] INFO  c.b.d.d.d.DefaultDataSourceDestroyer - dynamic-datasource close the datasource named [slave] success,
2024-12-03 16:24:24 [SpringApplicationShutdownHook] INFO  com.zaxxer.hikari.HikariDataSource - master - Shutdown initiated...
2024-12-03 16:24:24 [SpringApplicationShutdownHook] INFO  com.zaxxer.hikari.HikariDataSource - master - Shutdown completed.
2024-12-03 16:24:24 [SpringApplicationShutdownHook] INFO  c.b.d.d.d.DefaultDataSourceDestroyer - dynamic-datasource close the datasource named [master] success,
2024-12-03 16:24:24 [SpringApplicationShutdownHook] INFO  c.b.d.d.DynamicRoutingDataSource - dynamic-datasource all closed success,bye
2024-12-03 16:24:29 [background-preinit] INFO  o.h.validator.internal.util.Version - HV000001: Hibernate Validator 8.0.1.Final
2024-12-03 16:24:29 [main] INFO  com.huijia.HuijiaBackApplication - Starting HuijiaBackApplication using Java 17.0.10 with PID 15900 (D:\deskTop\back-end\huijia-back\back-admin\target\classes started by Administrator in D:\deskTop\back-end\huijia-back)
2024-12-03 16:24:29 [main] INFO  com.huijia.HuijiaBackApplication - The following 1 profile is active: "dev"
2024-12-03 16:24:31 [main] INFO  io.undertow.servlet - Initializing Spring embedded WebApplicationContext
2024-12-03 16:24:31 [main] INFO  c.h.common.redis.config.RedisConfig - 初始化 redis 配置
2024-12-03 16:24:31 [main] INFO  org.redisson.Version - Redisson 3.37.0
2024-12-03 16:24:31 [redisson-netty-1-6] INFO  o.r.connection.ConnectionsHolder - 1 connections initialized for 192.168.1.143/192.168.1.143:6379
2024-12-03 16:24:31 [redisson-netty-1-3] INFO  o.r.connection.ConnectionsHolder - 8 connections initialized for 192.168.1.143/192.168.1.143:6379
2024-12-03 16:24:31 [main] INFO  c.b.d.d.DynamicRoutingDataSource - dynamic-datasource detect P6SPY plugin and enabled it
2024-12-03 16:24:31 [main] INFO  com.zaxxer.hikari.HikariDataSource - master - Starting...
2024-12-03 16:24:32 [main] INFO  com.zaxxer.hikari.pool.HikariPool - master - Added connection com.mysql.cj.jdbc.ConnectionImpl@4257163f
2024-12-03 16:24:32 [main] INFO  com.zaxxer.hikari.HikariDataSource - master - Start completed.
2024-12-03 16:24:32 [main] INFO  c.b.d.d.DynamicRoutingDataSource - dynamic-datasource - add a datasource named [slave] success
2024-12-03 16:24:32 [main] INFO  c.b.d.d.DynamicRoutingDataSource - dynamic-datasource - add a datasource named [master] success
2024-12-03 16:24:32 [main] INFO  c.b.d.d.DynamicRoutingDataSource - dynamic-datasource initial loaded [2] datasource,primary datasource named [master]
2024-12-03 16:24:32 [main] INFO  c.h.common.json.config.JacksonConfig - 初始化 jackson 配置
2024-12-03 16:24:33 [main] INFO  io.undertow - starting server: Undertow - 2.3.17.Final
2024-12-03 16:24:33 [main] INFO  org.xnio - XNIO version 3.8.16.Final
2024-12-03 16:24:33 [main] INFO  org.xnio.nio - XNIO NIO Implementation Version 3.8.16.Final
2024-12-03 16:24:33 [main] INFO  org.jboss.threads - JBoss Threads version 3.5.0.Final
2024-12-03 16:24:33 [main] INFO  com.huijia.HuijiaBackApplication - Started HuijiaBackApplication in 4.396 seconds (process running for 4.757)
2024-12-03 16:24:33 [RMI TCP Connection(3)-192.168.126.1] INFO  io.undertow.servlet - Initializing Spring DispatcherServlet 'dispatcherServlet'
2024-12-03 16:25:46 [SpringApplicationShutdownHook] INFO  io.undertow - stopping server: Undertow - 2.3.17.Final
2024-12-03 16:25:46 [SpringApplicationShutdownHook] INFO  io.undertow.servlet - Destroying Spring FrameworkServlet 'dispatcherServlet'
2024-12-03 16:25:46 [SpringApplicationShutdownHook] INFO  c.h.c.core.config.ThreadPoolConfig - ====关闭后台任务任务线程池====
2024-12-03 16:25:46 [SpringApplicationShutdownHook] INFO  c.b.d.d.DynamicRoutingDataSource - dynamic-datasource start closing ....
2024-12-03 16:25:46 [SpringApplicationShutdownHook] INFO  c.b.d.d.d.DefaultDataSourceDestroyer - dynamic-datasource close the datasource named [slave] success,
2024-12-03 16:25:46 [SpringApplicationShutdownHook] INFO  com.zaxxer.hikari.HikariDataSource - master - Shutdown initiated...
2024-12-03 16:25:46 [SpringApplicationShutdownHook] INFO  com.zaxxer.hikari.HikariDataSource - master - Shutdown completed.
2024-12-03 16:25:46 [SpringApplicationShutdownHook] INFO  c.b.d.d.d.DefaultDataSourceDestroyer - dynamic-datasource close the datasource named [master] success,
2024-12-03 16:25:46 [SpringApplicationShutdownHook] INFO  c.b.d.d.DynamicRoutingDataSource - dynamic-datasource all closed success,bye
2024-12-03 16:25:49 [background-preinit] INFO  o.h.validator.internal.util.Version - HV000001: Hibernate Validator 8.0.1.Final
2024-12-03 16:25:49 [main] INFO  com.huijia.HuijiaBackApplication - Starting HuijiaBackApplication using Java 17.0.10 with PID 18804 (D:\deskTop\back-end\huijia-back\back-admin\target\classes started by Administrator in D:\deskTop\back-end\huijia-back)
2024-12-03 16:25:49 [main] INFO  com.huijia.HuijiaBackApplication - The following 1 profile is active: "dev"
2024-12-03 16:25:51 [main] INFO  io.undertow.servlet - Initializing Spring embedded WebApplicationContext
2024-12-03 16:25:51 [main] INFO  c.h.common.redis.config.RedisConfig - 初始化 redis 配置
2024-12-03 16:25:51 [main] INFO  org.redisson.Version - Redisson 3.37.0
2024-12-03 16:25:51 [redisson-netty-1-6] INFO  o.r.connection.ConnectionsHolder - 1 connections initialized for 192.168.1.143/192.168.1.143:6379
2024-12-03 16:25:52 [redisson-netty-1-3] INFO  o.r.connection.ConnectionsHolder - 8 connections initialized for 192.168.1.143/192.168.1.143:6379
2024-12-03 16:25:52 [main] INFO  c.b.d.d.DynamicRoutingDataSource - dynamic-datasource detect P6SPY plugin and enabled it
2024-12-03 16:25:52 [main] INFO  com.zaxxer.hikari.HikariDataSource - master - Starting...
2024-12-03 16:25:52 [main] INFO  com.zaxxer.hikari.pool.HikariPool - master - Added connection com.mysql.cj.jdbc.ConnectionImpl@63ff861e
2024-12-03 16:25:52 [main] INFO  com.zaxxer.hikari.HikariDataSource - master - Start completed.
2024-12-03 16:25:52 [main] INFO  c.b.d.d.DynamicRoutingDataSource - dynamic-datasource - add a datasource named [slave] success
2024-12-03 16:25:52 [main] INFO  c.b.d.d.DynamicRoutingDataSource - dynamic-datasource - add a datasource named [master] success
2024-12-03 16:25:52 [main] INFO  c.b.d.d.DynamicRoutingDataSource - dynamic-datasource initial loaded [2] datasource,primary datasource named [master]
2024-12-03 16:25:52 [main] INFO  c.h.common.json.config.JacksonConfig - 初始化 jackson 配置
2024-12-03 16:25:53 [main] INFO  io.undertow - starting server: Undertow - 2.3.17.Final
2024-12-03 16:25:53 [main] INFO  org.xnio - XNIO version 3.8.16.Final
2024-12-03 16:25:53 [main] INFO  org.xnio.nio - XNIO NIO Implementation Version 3.8.16.Final
2024-12-03 16:25:53 [main] INFO  org.jboss.threads - JBoss Threads version 3.5.0.Final
2024-12-03 16:25:53 [main] INFO  com.huijia.HuijiaBackApplication - Started HuijiaBackApplication in 4.181 seconds (process running for 4.549)
2024-12-03 16:25:53 [RMI TCP Connection(4)-192.168.126.1] INFO  io.undertow.servlet - Initializing Spring DispatcherServlet 'dispatcherServlet'
2024-12-03 16:26:17 [XNIO-1 task-2] INFO  o.s.api.AbstractOpenApiResource - Init duration for springdoc-openapi is: 588 ms
2024-12-03 17:21:51 [SpringApplicationShutdownHook] INFO  io.undertow - stopping server: Undertow - 2.3.17.Final
2024-12-03 17:21:51 [SpringApplicationShutdownHook] INFO  io.undertow.servlet - Destroying Spring FrameworkServlet 'dispatcherServlet'
2024-12-03 17:21:51 [SpringApplicationShutdownHook] INFO  c.h.c.core.config.ThreadPoolConfig - ====关闭后台任务任务线程池====
2024-12-03 17:21:51 [SpringApplicationShutdownHook] INFO  c.b.d.d.DynamicRoutingDataSource - dynamic-datasource start closing ....
2024-12-03 17:21:51 [SpringApplicationShutdownHook] INFO  c.b.d.d.d.DefaultDataSourceDestroyer - dynamic-datasource close the datasource named [slave] success,
2024-12-03 17:21:51 [SpringApplicationShutdownHook] INFO  com.zaxxer.hikari.HikariDataSource - master - Shutdown initiated...
2024-12-03 17:21:51 [SpringApplicationShutdownHook] INFO  com.zaxxer.hikari.HikariDataSource - master - Shutdown completed.
2024-12-03 17:21:51 [SpringApplicationShutdownHook] INFO  c.b.d.d.d.DefaultDataSourceDestroyer - dynamic-datasource close the datasource named [master] success,
2024-12-03 17:21:51 [SpringApplicationShutdownHook] INFO  c.b.d.d.DynamicRoutingDataSource - dynamic-datasource all closed success,bye
